<?xml version="1.0" encoding="UTF-8"?>
<!-- Generated by org.testng.reporters.JUnitXMLReporter -->
<testsuite hostname="LAPTOP-8RQVFFOA" ignored="0" name="Test" tests="2" failures="2" timestamp="2021-03-11T07:34:22 IST" time="145.829" errors="0">
  <testcase name="testOne" time="36.96" classname="testcase.ShopifyStartFreeTrialTest">
    <failure type="java.lang.AssertionError" message="Please enter a store name">
      <![CDATA[java.lang.AssertionError: Please enter a store name
at tekstack.StoreNameMandatoryCheck.base.BaseUI.reportFail(BaseUI.java:163)
at tekstack.StoreNameMandatoryCheck.base.BaseUI.findError(BaseUI.java:206)
at testcase.ShopifyStartFreeTrialTest.testOne(ShopifyStartFreeTrialTest.java:20)
at java.util.ArrayList.forEach(Unknown Source)
... Removed 28 stack frames]]>
    </failure>
  </testcase> <!-- testOne -->
  <testcase name="testTwo" time="100.777" classname="testcase.ShopifyStartFreeTrialTest">
    <failure type="java.lang.AssertionError" message="Please enter a store name">
      <![CDATA[java.lang.AssertionError: Please enter a store name
at tekstack.StoreNameMandatoryCheck.base.BaseUI.reportFail(BaseUI.java:163)
at tekstack.StoreNameMandatoryCheck.base.BaseUI.findError(BaseUI.java:206)
at testcase.ShopifyStartFreeTrialTest.testTwo(ShopifyStartFreeTrialTest.java:34)
at java.util.ArrayList.forEach(Unknown Source)
... Removed 28 stack frames]]>
    </failure>
  </testcase> <!-- testTwo -->
</testsuite> <!-- Test -->
